# JRE version: OpenJDK Runtime Environment (8.0_242-b01) (build 1.8.0_242-release-1644-b01)
# Java VM: OpenJDK 64-Bit Server VM (25.242-b01 mixed mode windows-amd64 compressed oops)
Heap:
 PSYoungGen      total 280576K, used 152263K [0x00000000d5580000, 0x00000000f6300000, 0x0000000100000000)
  eden space 230400K, 66% used [0x00000000d5580000,0x00000000dea31d50,0x00000000e3680000)
  from space 50176K, 0% used [0x00000000e3680000,0x00000000e3680000,0x00000000e6780000)
  to   space 128000K, 0% used [0x00000000ee600000,0x00000000ee600000,0x00000000f6300000)
 ParOldGen       total 384512K, used 239052K [0x0000000080000000, 0x0000000097780000, 0x00000000d5580000)
  object space 384512K, 62% used [0x0000000080000000,0x000000008e973238,0x0000000097780000)
 Metaspace       used 116042K, capacity 121362K, committed 121624K, reserved 1155072K
  class space    used 14819K, capacity 15820K, committed 15920K, reserved 1048576K
GC Heap History (10 events):
Event: 11293.652 GC heap before
{Heap before GC invocations=31 (full 4):
 PSYoungGen      total 268288K, used 268279K [0x00000000d5580000, 0x00000000ea680000, 0x0000000100000000)
  eden space 230400K, 100% used [0x00000000d5580000,0x00000000e3680000,0x00000000e3680000)
  from space 37888K, 99% used [0x00000000e6780000,0x00000000e8c7df10,0x00000000e8c80000)
  to   space 50176K, 0% used [0x00000000e3680000,0x00000000e3680000,0x00000000e6780000)
 ParOldGen       total 124928K, used 65533K [0x0000000080000000, 0x0000000087a00000, 0x00000000d5580000)
  object space 124928K, 52% used [0x0000000080000000,0x0000000083fff458,0x0000000087a00000)
 Metaspace       used 110358K, capacity 114996K, committed 115736K, reserved 1150976K
  class space    used 14113K, capacity 15043K, committed 15152K, reserved 1048576K
Event: 11297.122 GC heap after
Heap after GC invocations=31 (full 4):
 PSYoungGen      total 280576K, used 50164K [0x00000000d5580000, 0x00000000f1200000, 0x0000000100000000)
  eden space 230400K, 0% used [0x00000000d5580000,0x00000000d5580000,0x00000000e3680000)
  from space 50176K, 99% used [0x00000000e3680000,0x00000000e677d040,0x00000000e6780000)
  to   space 88576K, 0% used [0x00000000ebb80000,0x00000000ebb80000,0x00000000f1200000)
 ParOldGen       total 146432K, used 145974K [0x0000000080000000, 0x0000000088f00000, 0x00000000d5580000)
  object space 146432K, 99% used [0x0000000080000000,0x0000000088e8da38,0x0000000088f00000)
 Metaspace       used 110358K, capacity 114996K, committed 115736K, reserved 1150976K
  class space    used 14113K, capacity 15043K, committed 15152K, reserved 1048576K
}
Event: 11297.125 GC heap before
{Heap before GC invocations=32 (full 5):
 PSYoungGen      total 280576K, used 50164K [0x00000000d5580000, 0x00000000f1200000, 0x0000000100000000)
  eden space 230400K, 0% used [0x00000000d5580000,0x00000000d5580000,0x00000000e3680000)
  from space 50176K, 99% used [0x00000000e3680000,0x00000000e677d040,0x00000000e6780000)
  to   space 88576K, 0% used [0x00000000ebb80000,0x00000000ebb80000,0x00000000f1200000)
 ParOldGen       total 146432K, used 145974K [0x0000000080000000, 0x0000000088f00000, 0x00000000d5580000)
  object space 146432K, 99% used [0x0000000080000000,0x0000000088e8da38,0x0000000088f00000)
 Metaspace       used 110358K, capacity 114996K, committed 115736K, reserved 1150976K
  class space    used 14113K, capacity 15043K, committed 15152K, reserved 1048576K
Event: 11317.316 GC heap after
Heap after GC invocations=32 (full 5):
 PSYoungGen      total 280576K, used 35652K [0x00000000d5580000, 0x00000000f1200000, 0x0000000100000000)
  eden space 230400K, 0% used [0x00000000d5580000,0x00000000d5580000,0x00000000e3680000)
  from space 50176K, 71% used [0x00000000e3680000,0x00000000e5951190,0x00000000e6780000)
  to   space 88576K, 0% used [0x00000000ebb80000,0x00000000ebb80000,0x00000000f1200000)
 ParOldGen       total 259584K, used 146348K [0x0000000080000000, 0x000000008fd80000, 0x00000000d5580000)
  object space 259584K, 56% used [0x0000000080000000,0x0000000088eeb3f8,0x000000008fd80000)
 Metaspace       used 110338K, capacity 114944K, committed 115736K, reserved 1150976K
  class space    used 14107K, capacity 15031K, committed 15152K, reserved 1048576K
}
Event: 11338.367 GC heap before
{Heap before GC invocations=33 (full 5):
 PSYoungGen      total 280576K, used 266052K [0x00000000d5580000, 0x00000000f1200000, 0x0000000100000000)
  eden space 230400K, 100% used [0x00000000d5580000,0x00000000e3680000,0x00000000e3680000)
  from space 50176K, 71% used [0x00000000e3680000,0x00000000e5951190,0x00000000e6780000)
  to   space 88576K, 0% used [0x00000000ebb80000,0x00000000ebb80000,0x00000000f1200000)
 ParOldGen       total 259584K, used 146348K [0x0000000080000000, 0x000000008fd80000, 0x00000000d5580000)
  object space 259584K, 56% used [0x0000000080000000,0x0000000088eeb3f8,0x000000008fd80000)
 Metaspace       used 111806K, capacity 116604K, committed 117272K, reserved 1150976K
  class space    used 14303K, capacity 15243K, committed 15408K, reserved 1048576K
Event: 11341.832 GC heap after
Heap after GC invocations=33 (full 5):
 PSYoungGen      total 318976K, used 83184K [0x00000000d5580000, 0x00000000f1200000, 0x0000000100000000)
  eden space 230400K, 0% used [0x00000000d5580000,0x00000000d5580000,0x00000000e3680000)
  from space 88576K, 93% used [0x00000000ebb80000,0x00000000f0cbc000,0x00000000f1200000)
  to   space 50176K, 0% used [0x00000000e3680000,0x00000000e3680000,0x00000000e6780000)
 ParOldGen       total 259584K, used 150273K [0x0000000080000000, 0x000000008fd80000, 0x00000000d5580000)
  object space 259584K, 57% used [0x0000000080000000,0x00000000892c0450,0x000000008fd80000)
 Metaspace       used 111806K, capacity 116604K, committed 117272K, reserved 1150976K
  class space    used 14303K, capacity 15243K, committed 15408K, reserved 1048576K
}
Event: 11365.991 GC heap before
{Heap before GC invocations=34 (full 5):
 PSYoungGen      total 318976K, used 313584K [0x00000000d5580000, 0x00000000f1200000, 0x0000000100000000)
  eden space 230400K, 100% used [0x00000000d5580000,0x00000000e3680000,0x00000000e3680000)
  from space 88576K, 93% used [0x00000000ebb80000,0x00000000f0cbc000,0x00000000f1200000)
  to   space 50176K, 0% used [0x00000000e3680000,0x00000000e3680000,0x00000000e6780000)
 ParOldGen       total 259584K, used 150273K [0x0000000080000000, 0x000000008fd80000, 0x00000000d5580000)
  object space 259584K, 57% used [0x0000000080000000,0x00000000892c0450,0x000000008fd80000)
 Metaspace       used 112317K, capacity 117242K, committed 117784K, reserved 1150976K
  class space    used 14352K, capacity 15302K, committed 15408K, reserved 1048576K
Event: 11369.879 GC heap after
Heap after GC invocations=34 (full 5):
 PSYoungGen      total 280576K, used 50156K [0x00000000d5580000, 0x00000000f6300000, 0x0000000100000000)
  eden space 230400K, 0% used [0x00000000d5580000,0x00000000d5580000,0x00000000e3680000)
  from space 50176K, 99% used [0x00000000e3680000,0x00000000e677b280,0x00000000e6780000)
  to   space 128000K, 0% used [0x00000000ee600000,0x00000000ee600000,0x00000000f6300000)
 ParOldGen       total 259584K, used 222342K [0x0000000080000000, 0x000000008fd80000, 0x00000000d5580000)
  object space 259584K, 85% used [0x0000000080000000,0x000000008d9218d8,0x000000008fd80000)
 Metaspace       used 112317K, capacity 117242K, committed 117784K, reserved 1150976K
  class space    used 14352K, capacity 15302K, committed 15408K, reserved 1048576K
}
Event: 11369.879 GC heap before
{Heap before GC invocations=35 (full 6):
 PSYoungGen      total 280576K, used 50156K [0x00000000d5580000, 0x00000000f6300000, 0x0000000100000000)
  eden space 230400K, 0% used [0x00000000d5580000,0x00000000d5580000,0x00000000e3680000)
  from space 50176K, 99% used [0x00000000e3680000,0x00000000e677b280,0x00000000e6780000)
  to   space 128000K, 0% used [0x00000000ee600000,0x00000000ee600000,0x00000000f6300000)
 ParOldGen       total 259584K, used 222342K [0x0000000080000000, 0x000000008fd80000, 0x00000000d5580000)
  object space 259584K, 85% used [0x0000000080000000,0x000000008d9218d8,0x000000008fd80000)
 Metaspace       used 112317K, capacity 117242K, committed 117784K, reserved 1150976K
  class space    used 14352K, capacity 15302K, committed 15408K, reserved 1048576K
Event: 11387.844 GC heap after
Heap after GC invocations=35 (full 6):
 PSYoungGen      total 280576K, used 0K [0x00000000d5580000, 0x00000000f6300000, 0x0000000100000000)
  eden space 230400K, 0% used [0x00000000d5580000,0x00000000d5580000,0x00000000e3680000)
  from space 50176K, 0% used [0x00000000e3680000,0x00000000e3680000,0x00000000e6780000)
  to   space 128000K, 0% used [0x00000000ee600000,0x00000000ee600000,0x00000000f6300000)
 ParOldGen       total 384512K, used 239052K [0x0000000080000000, 0x0000000097780000, 0x00000000d5580000)
  object space 384512K, 62% used [0x0000000080000000,0x000000008e973238,0x0000000097780000)
 Metaspace       used 112308K, capacity 117212K, committed 117784K, reserved 1150976K
  class space    used 14349K, capacity 15297K, committed 15408K, reserved 1048576K
}

